\BOOKMARK [0][-]{chapter*.2}{Preface}{}% 1
\BOOKMARK [0][-]{chapter*.3}{Acknowledgements}{}% 2
\BOOKMARK [0][-]{chapter.1}{Introduction}{}% 3
\BOOKMARK [1][-]{section.1.1}{High-level\040Synthesis\040\(HLS\)}{chapter.1}% 4
\BOOKMARK [1][-]{section.1.2}{FPGA\040Architecture}{chapter.1}% 5
\BOOKMARK [1][-]{section.1.3}{FPGA\040Design\040Process}{chapter.1}% 6
\BOOKMARK [1][-]{section.1.4}{Design\040Optimization}{chapter.1}% 7
\BOOKMARK [2][-]{subsection.1.4.1}{Performance\040Characterization}{section.1.4}% 8
\BOOKMARK [2][-]{subsection.1.4.2}{Area/Throughput\040Tradeoffs}{section.1.4}% 9
\BOOKMARK [2][-]{subsection.1.4.3}{Restrictions\040on\040Processing\040Rate}{section.1.4}% 10
\BOOKMARK [2][-]{subsection.1.4.4}{Coding\040Style}{section.1.4}% 11
\BOOKMARK [1][-]{section.1.5}{Restructured\040Code}{chapter.1}% 12
\BOOKMARK [1][-]{section.1.6}{Book\040Organization}{chapter.1}% 13
\BOOKMARK [0][-]{chapter.2}{Finite\040Impulse\040Response\040\(FIR\)\040Filters}{}% 14
\BOOKMARK [1][-]{section.2.1}{Overview}{chapter.2}% 15
\BOOKMARK [1][-]{section.2.2}{Background}{chapter.2}% 16
\BOOKMARK [1][-]{section.2.3}{Base\040FIR\040Architecture}{chapter.2}% 17
\BOOKMARK [1][-]{section.2.4}{Calculating\040Performance}{chapter.2}% 18
\BOOKMARK [1][-]{section.2.5}{Operation\040Chaining}{chapter.2}% 19
\BOOKMARK [1][-]{section.2.6}{Code\040Hoisting}{chapter.2}% 20
\BOOKMARK [1][-]{section.2.7}{Loop\040Fission}{chapter.2}% 21
\BOOKMARK [1][-]{section.2.8}{Loop\040Unrolling}{chapter.2}% 22
\BOOKMARK [1][-]{section.2.9}{Loop\040Pipelining}{chapter.2}% 23
\BOOKMARK [1][-]{section.2.10}{Bitwidth\040Optimization}{chapter.2}% 24
\BOOKMARK [1][-]{section.2.11}{Complex\040FIR\040Filter}{chapter.2}% 25
\BOOKMARK [1][-]{section.2.12}{Conclusion}{chapter.2}% 26
\BOOKMARK [0][-]{chapter.3}{CORDIC}{}% 27
\BOOKMARK [1][-]{section.3.1}{Overview}{chapter.3}% 28
\BOOKMARK [1][-]{section.3.2}{Background}{chapter.3}% 29
\BOOKMARK [1][-]{section.3.3}{Calculating\040Sine\040and\040Cosine}{chapter.3}% 30
\BOOKMARK [1][-]{section.3.4}{Cartesian\040to\040Polar\040Conversion}{chapter.3}% 31
\BOOKMARK [1][-]{section.3.5}{Number\040Representation}{chapter.3}% 32
\BOOKMARK [2][-]{subsection.3.5.1}{Binary\040and\040Hexadecimal\040Numbers}{section.3.5}% 33
\BOOKMARK [2][-]{subsection.3.5.2}{Negative\040numbers}{section.3.5}% 34
\BOOKMARK [2][-]{subsection.3.5.3}{Overflow,\040Underflow,\040and\040Rounding}{section.3.5}% 35
\BOOKMARK [2][-]{subsection.3.5.4}{Binary\040arithmetic}{section.3.5}% 36
\BOOKMARK [2][-]{subsection.3.5.5}{Representing\040Arbitrary\040Precision\040Integers\040in\040C\040and\040C++}{section.3.5}% 37
\BOOKMARK [2][-]{subsection.3.5.6}{Floating\040Point}{section.3.5}% 38
\BOOKMARK [1][-]{section.3.6}{Further\040Optimizations}{chapter.3}% 39
\BOOKMARK [1][-]{section.3.7}{Conclusion}{chapter.3}% 40
\BOOKMARK [0][-]{chapter.4}{Discrete\040Fourier\040Transform}{}% 41
\BOOKMARK [1][-]{section.4.1}{Fourier\040Series}{chapter.4}% 42
\BOOKMARK [1][-]{section.4.2}{dft\040Background}{chapter.4}% 43
\BOOKMARK [1][-]{section.4.3}{Matrix-Vector\040Multiplication\040Optimizations}{chapter.4}% 44
\BOOKMARK [1][-]{section.4.4}{Pipelining\040and\040Parallelism}{chapter.4}% 45
\BOOKMARK [1][-]{section.4.5}{Storage\040Tradeoffs\040and\040Array\040Partitioning}{chapter.4}% 46
\BOOKMARK [1][-]{section.4.6}{Baseline\040Implementation}{chapter.4}% 47
\BOOKMARK [1][-]{section.4.7}{dft\040optimization}{chapter.4}% 48
\BOOKMARK [1][-]{section.4.8}{Conclusion}{chapter.4}% 49
\BOOKMARK [0][-]{chapter.5}{Fast\040Fourier\040Transform}{}% 50
\BOOKMARK [1][-]{section.5.1}{Background}{chapter.5}% 51
\BOOKMARK [1][-]{section.5.2}{Baseline\040Implementation}{chapter.5}% 52
\BOOKMARK [1][-]{section.5.3}{Bit\040Reversal}{chapter.5}% 53
\BOOKMARK [1][-]{section.5.4}{Task\040Pipelining}{chapter.5}% 54
\BOOKMARK [1][-]{section.5.5}{Conclusion}{chapter.5}% 55
\BOOKMARK [0][-]{chapter.6}{Sparse\040Matrix\040Vector\040Multiplication}{}% 56
\BOOKMARK [1][-]{section.6.1}{Background}{chapter.6}% 57
\BOOKMARK [1][-]{section.6.2}{Baseline\040Implementation}{chapter.6}% 58
\BOOKMARK [1][-]{section.6.3}{Testbench}{chapter.6}% 59
\BOOKMARK [1][-]{section.6.4}{Specifying\040Loop\040Properties}{chapter.6}% 60
\BOOKMARK [1][-]{section.6.5}{C/RTL\040Cosimulation}{chapter.6}% 61
\BOOKMARK [1][-]{section.6.6}{Loop\040Optimizations\040and\040Array\040Partitioning}{chapter.6}% 62
\BOOKMARK [1][-]{section.6.7}{Conclusion}{chapter.6}% 63
\BOOKMARK [0][-]{chapter.7}{Matrix\040Multiplication}{}% 64
\BOOKMARK [1][-]{section.7.1}{Background}{chapter.7}% 65
\BOOKMARK [1][-]{section.7.2}{Complete\040Matrix\040Multiplication}{chapter.7}% 66
\BOOKMARK [1][-]{section.7.3}{Block\040Matrix\040Multiplication}{chapter.7}% 67
\BOOKMARK [1][-]{section.7.4}{Conclusion}{chapter.7}% 68
\BOOKMARK [0][-]{chapter.8}{Prefix\040Sum\040and\040Histogram}{}% 69
\BOOKMARK [1][-]{section.8.1}{Prefix\040Sum}{chapter.8}% 70
\BOOKMARK [1][-]{section.8.2}{Histogram}{chapter.8}% 71
\BOOKMARK [1][-]{section.8.3}{Histogram\040Optimization\040and\040False\040Dependencies}{chapter.8}% 72
\BOOKMARK [1][-]{section.8.4}{Increasing\040Histogram\040Performance}{chapter.8}% 73
\BOOKMARK [1][-]{section.8.5}{Conclusion}{chapter.8}% 74
\BOOKMARK [0][-]{chapter.9}{Video\040Systems}{}% 75
\BOOKMARK [1][-]{section.9.1}{Background}{chapter.9}% 76
\BOOKMARK [2][-]{subsection.9.1.1}{Representing\040Video\040Pixels}{section.9.1}% 77
\BOOKMARK [2][-]{subsection.9.1.2}{Digital\040Video\040Formats}{section.9.1}% 78
\BOOKMARK [2][-]{subsection.9.1.3}{Video\040Processing\040System\040Architectures}{section.9.1}% 79
\BOOKMARK [1][-]{section.9.2}{Implementation}{chapter.9}% 80
\BOOKMARK [2][-]{subsection.9.2.1}{Line\040Buffers\040and\040Frame\040Buffers}{section.9.2}% 81
\BOOKMARK [2][-]{subsection.9.2.2}{Causal\040Filters}{section.9.2}% 82
\BOOKMARK [2][-]{subsection.9.2.3}{Boundary\040Conditions}{section.9.2}% 83
\BOOKMARK [1][-]{section.9.3}{Conclusion}{chapter.9}% 84
\BOOKMARK [0][-]{chapter.10}{Sorting\040Algorithms}{}% 85
\BOOKMARK [1][-]{section.10.1}{Introduction}{chapter.10}% 86
\BOOKMARK [1][-]{section.10.2}{Insertion\040Sort}{chapter.10}% 87
\BOOKMARK [2][-]{subsection.10.2.1}{Basic\040Insertion\040Sort\040Implementation}{section.10.2}% 88
\BOOKMARK [2][-]{subsection.10.2.2}{Parallelising\040Insertion\040Sort}{section.10.2}% 89
\BOOKMARK [2][-]{subsection.10.2.3}{Explicit\040Systolic\040Array\040For\040Insertion\040Sort}{section.10.2}% 90
\BOOKMARK [1][-]{section.10.3}{Merge\040Sort}{chapter.10}% 91
\BOOKMARK [2][-]{subsection.10.3.1}{Basic\040Merge\040Sort}{section.10.3}% 92
\BOOKMARK [2][-]{subsection.10.3.2}{Restructured\040Merge\040Sort}{section.10.3}% 93
\BOOKMARK [1][-]{section.10.4}{Conclusion}{chapter.10}% 94
\BOOKMARK [0][-]{chapter.11}{Huffman\040Encoding}{}% 95
\BOOKMARK [1][-]{section.11.1}{Background}{chapter.11}% 96
\BOOKMARK [1][-]{section.11.2}{Implementation}{chapter.11}% 97
\BOOKMARK [2][-]{subsection.11.2.1}{Filter}{section.11.2}% 98
\BOOKMARK [2][-]{subsection.11.2.2}{Sort}{section.11.2}% 99
\BOOKMARK [2][-]{subsection.11.2.3}{Create\040Tree}{section.11.2}% 100
\BOOKMARK [2][-]{subsection.11.2.4}{Compute\040Bit\040Length}{section.11.2}% 101
\BOOKMARK [2][-]{subsection.11.2.5}{Truncate\040Tree}{section.11.2}% 102
\BOOKMARK [2][-]{subsection.11.2.6}{Canonize\040Tree}{section.11.2}% 103
\BOOKMARK [2][-]{subsection.11.2.7}{Create\040Codeword}{section.11.2}% 104
\BOOKMARK [2][-]{subsection.11.2.8}{Testbench}{section.11.2}% 105
\BOOKMARK [1][-]{section.11.3}{Conclusion}{chapter.11}% 106
\BOOKMARK [0][-]{chapter*.142}{Bibliography}{}% 107
\BOOKMARK [0][-]{section*.143}{Glossary}{}% 108
\BOOKMARK [0][-]{section*.145}{Acronyms}{}% 109
